{
  "Cucumber Features": {
    "coverage": {
      "/home/ubuntu/workspace/term-project/app/controllers/abouts_controller.rb": [
        1,
        1,
        null,
        null,
        null,
        1,
        null,
        null,
        null
      ],
      "/home/ubuntu/workspace/term-project/app/controllers/application_controller.rb": [
        1,
        1,
        null
      ],
      "/home/ubuntu/workspace/term-project/app/helpers/application_helper.rb": [
        1,
        null
      ],
      "/home/ubuntu/workspace/term-project/app/controllers/examinationrooms_controller.rb": [
        1,
        1,
        null,
        8,
        8,
        null,
        null,
        1,
        3,
        null,
        null,
        null,
        1,
        null,
        3,
        3,
        3,
        3,
        null,
        0,
        null,
        null,
        null,
        1,
        0,
        0,
        null,
        null,
        1,
        0,
        null,
        null,
        1,
        0,
        0,
        0,
        0,
        null,
        null,
        1,
        0,
        0,
        0,
        0,
        null,
        null
      ],
      "/home/ubuntu/workspace/term-project/app/models/examinationroom.rb": [
        1,
        null,
        1,
        null,
        1,
        1,
        1,
        15,
        15,
        null,
        null
      ],
      "/home/ubuntu/workspace/term-project/app/models/proctor.rb": [
        1,
        1,
        null,
        1,
        1,
        1,
        3,
        3,
        3,
        null,
        null,
        null,
        null,
        null,
        null,
        null,
        null,
        null,
        null
      ]
    },
    "timestamp": 1429254307
  },
  "RSpec": {
    "coverage": {
      "/home/ubuntu/workspace/term-project/app/controllers/abouts_controller.rb": [
        1,
        1,
        null,
        null,
        null,
        1,
        null,
        null,
        null
      ],
      "/home/ubuntu/workspace/term-project/app/controllers/application_controller.rb": [
        1,
        1,
        null
      ],
      "/home/ubuntu/workspace/term-project/app/helpers/application_helper.rb": [
        1,
        null
      ],
      "/home/ubuntu/workspace/term-project/app/controllers/examinationrooms_controller.rb": [
        1,
        1,
        null,
        0,
        0,
        null,
        null,
        1,
        0,
        null,
        null,
        null,
        1,
        null,
        0,
        0,
        0,
        0,
        null,
        0,
        null,
        null,
        null,
        1,
        0,
        0,
        null,
        null,
        1,
        0,
        null,
        null,
        1,
        0,
        0,
        0,
        0,
        null,
        null,
        1,
        0,
        0,
        0,
        0,
        null,
        null
      ],
      "/home/ubuntu/workspace/term-project/app/models/examinationroom.rb": [
        1,
        null,
        1,
        null,
        1,
        1,
        1,
        0,
        0,
        null,
        null
      ],
      "/home/ubuntu/workspace/term-project/app/models/proctor.rb": [
        1,
        1,
        null,
        1,
        1,
        1,
        0,
        0,
        0,
        null,
        null,
        null,
        null,
        null,
        null,
        null,
        null,
        null,
        null
      ]
    },
    "timestamp": 1429254370
  }
}
